\BOOKMARK [1][-]{section.1}{\376\377\000I\000n\000t\000r\000o\000d\000u\000c\000t\000i\000o\000n}{}% 1
\BOOKMARK [1][-]{section.2}{\376\377\000R\000S\000V\000P\000\040\000F\000i\000e\000l\000d\000\040\000T\000h\000e\000o\000r\000y\000\040\000a\000s\000\040\000G\000r\000o\000u\000n\000d\000i\000n\000g}{}% 2
\BOOKMARK [1][-]{section.3}{\376\377\000Y\000a\000r\000n\000c\000r\000a\000w\000l\000e\000r\000\040\000a\000s\000\040\000S\000e\000l\000f\000-\000R\000e\000f\000a\000c\000t\000o\000r\000i\000n\000g\000\040\000P\000o\000l\000y\000c\000o\000m\000p\000i\000l\000e\000r}{}% 3
\BOOKMARK [1][-]{section.4}{\376\377\000M\000a\000r\000k\000o\000v\000\040\000B\000l\000a\000n\000k\000e\000t\000\040\000a\000n\000d\000\040\000B\000o\000u\000n\000d\000a\000r\000y\000\040\000R\000e\000p\000a\000i\000r}{}% 4
\BOOKMARK [1][-]{section.5}{\376\377\000N\000a\000t\000u\000r\000a\000l\000\040\000A\000u\000t\000o\000c\000a\000t\000a\000l\000y\000t\000i\000c\000\040\000Y\000a\000r\000n\000c\000r\000a\000w\000l\000e\000r\000s}{}% 5
\BOOKMARK [1][-]{section.6}{\376\377\000N\000a\000t\000u\000r\000a\000l\000,\000\040\000C\000u\000l\000t\000u\000r\000a\000l\000,\000\040\000a\000n\000d\000\040\000A\000r\000t\000i\000f\000i\000c\000i\000a\000l\000\040\000Y\000a\000r\000n\000c\000r\000a\000w\000l\000e\000r\000s}{}% 6
\BOOKMARK [2][-]{subsection.6.1}{\376\377\000E\000c\000o\000l\000o\000g\000i\000c\000a\000l\000\040\000Y\000a\000r\000n\000c\000r\000a\000w\000l\000e\000r\000s\000:\000\040\000S\000q\000u\000i\000r\000r\000e\000l\000s\000\040\000a\000n\000d\000\040\000A\000f\000f\000o\000r\000d\000a\000n\000c\000e\000\040\000G\000r\000a\000d\000i\000e\000n\000t\000s}{section.6}% 7
\BOOKMARK [2][-]{subsection.6.2}{\376\377\000C\000u\000l\000t\000u\000r\000a\000l\000\040\000Y\000a\000r\000n\000c\000r\000a\000w\000l\000e\000r\000s\000:\000\040\000C\000a\000i\000r\000n\000s\000,\000\040\000B\000e\000r\000m\000s\000,\000\040\000a\000n\000d\000\040\000T\000e\000r\000r\000a\000\040\000P\000r\000e\000t\000a}{section.6}% 8
\BOOKMARK [2][-]{subsection.6.3}{\376\377\000A\000r\000t\000i\000f\000i\000c\000i\000a\000l\000\040\000Y\000a\000r\000n\000c\000r\000a\000w\000l\000e\000r\000s\000:\000\040\000M\000i\000x\000t\000u\000r\000e\000-\000o\000f\000-\000E\000x\000p\000e\000r\000t\000s\000\040\000a\000n\000d\000\040\000R\000A\000G}{section.6}% 9
\BOOKMARK [2][-]{subsection.6.4}{\376\377\000S\000y\000n\000t\000h\000e\000s\000i\000s}{section.6}% 10
\BOOKMARK [2][-]{subsection.6.5}{\376\377\000E\000q\000u\000a\000t\000i\000o\000n\000s\000\040\000o\000f\000\040\000t\000h\000e\000\040\000I\000d\000e\000a\000l\000\040\000Y\000a\000r\000n\000c\000r\000a\000w\000l\000e\000r}{section.6}% 11
\BOOKMARK [2][-]{subsection.6.6}{\376\377\000R\000S\000V\000P\000\040\000I\000n\000t\000e\000g\000r\000a\000t\000i\000o\000n\000\040\000\050\000,\000\040\000v\000,\000\040\000S\000\040\000F\000i\000e\000l\000d\000s\000\051}{section.6}% 12
\BOOKMARK [2][-]{subsection.6.7}{\376\377\000A\000\040\000F\000i\000e\000l\000d\000-\000T\000h\000e\000o\000r\000e\000t\000i\000c\000\040\000S\000k\000e\000t\000c\000h\000\040\000f\000o\000r\000\040\000T\000e\000r\000r\000a\000\040\000P\000r\000e\000t\000a\000\040\000B\000e\000r\000m\000\040\000D\000y\000n\000a\000m\000i\000c\000s}{section.6}% 13
\BOOKMARK [3][-]{subsubsection.6.7.1}{\376\377\000S\000e\000t\000u\000p\000.}{subsection.6.7}% 14
\BOOKMARK [3][-]{subsubsection.6.7.2}{\376\377\000B\000o\000u\000n\000d\000a\000r\000y\000-\000a\000f\000f\000i\000n\000i\000t\000y\000\040\000\050\000s\000t\000i\000g\000m\000e\000r\000g\000i\000c\000\040\000t\000a\000r\000g\000e\000t\000\051\000.}{subsection.6.7}% 15
\BOOKMARK [3][-]{subsubsection.6.7.3}{\376\377\000G\000o\000v\000e\000r\000n\000i\000n\000g\000\040\000P\000D\000E\000s\000\040\000\050\000s\000t\000i\000g\000m\000e\000r\000g\000i\000c\000\040\000r\000e\000a\000c\000t\000i\000o\000n\040\023\000a\000d\000v\000e\000c\000t\000i\000o\000n\040\023\000d\000i\000f\000f\000u\000s\000i\000o\000n\000\051\000.}{subsection.6.7}% 16
\BOOKMARK [3][-]{subsubsection.6.7.4}{\376\377\000M\000i\000c\000r\000o\000b\000i\000a\000l\000/\000c\000o\000n\000s\000o\000r\000t\000i\000a\000\040\000f\000a\000c\000i\000l\000i\000t\000a\000t\000i\000o\000n\000\040\000\050\000s\000t\000i\000g\000m\000e\000r\000g\000i\000c\000\040\000g\000a\000i\000n\000\051\000.}{subsection.6.7}% 17
\BOOKMARK [3][-]{subsubsection.6.7.5}{\376\377\000B\000o\000u\000n\000d\000a\000r\000y\000\040\000c\000o\000n\000d\000i\000t\000i\000o\000n\000s\000.}{subsection.6.7}% 18
\BOOKMARK [3][-]{subsubsection.6.7.6}{\376\377\000T\000h\000r\000e\000s\000h\000o\000l\000d\000\040\000a\000n\000d\000\040\000s\000e\000l\000f\000-\000m\000a\000i\000n\000t\000e\000n\000a\000n\000c\000e\000.}{subsection.6.7}% 19
\BOOKMARK [3][-]{subsubsection.6.7.7}{\376\377\000M\000a\000s\000k\000i\000n\000g\000\040\000b\000y\000\040\000t\000o\000p\000o\000g\000r\000a\000p\000h\000y\000\040\000a\000n\000d\000\040\000r\000e\000s\000o\000u\000r\000c\000e\000\040\000g\000r\000a\000d\000i\000e\000n\000t\000s\000.}{subsection.6.7}% 20
\BOOKMARK [3][-]{subsubsection.6.7.8}{\376\377\000R\000S\000V\000P\000\040\000b\000o\000o\000k\000k\000e\000e\000p\000i\000n\000g\000.}{subsection.6.7}% 21
\BOOKMARK [3][-]{subsubsection.6.7.9}{\376\377\000N\000o\000n\000d\000i\000m\000e\000n\000s\000i\000o\000n\000a\000l\000\040\000f\000o\000r\000m\000\040\000\050\000s\000k\000e\000t\000c\000h\000\051\000.}{subsection.6.7}% 22
\BOOKMARK [3][-]{subsubsection.6.7.10}{\376\377\000T\000a\000k\000e\000a\000w\000a\000y\000.}{subsection.6.7}% 23
\BOOKMARK [3][-]{subsubsection.6.7.11}{\376\377\000M\000e\000t\000h\000o\000d\000s\000:\000\040\000C\000a\000l\000i\000b\000r\000a\000t\000i\000n\000g\000\040\000S\000\050\000x\000\051\000,\000\040\000u\000\050\000x\000\051\000,\000\040\000R\000\050\000x\000\051\000,\000\040\000a\000n\000d\000\040\000K\000\050\000x\000\051\000\040\000f\000r\000o\000m\000\040\000S\000p\000a\000t\000i\000a\000l\000\040\000D\000a\000t\000a}{subsection.6.7}% 24
\BOOKMARK [1][-]{section.7}{\376\377\000A\000r\000t\000i\000f\000i\000c\000i\000a\000l\000\040\000Y\000a\000r\000n\000c\000r\000a\000w\000l\000e\000r\000s\000\040\000\050\000M\000o\000E\000\040\000+\000\040\000R\000A\000G\000\051}{}% 25
\BOOKMARK [1][-]{section.8}{\376\377\000C\000h\000a\000i\000n\000\040\000o\000f\000\040\000M\000e\000m\000o\000r\000y\000\040\000\050\000C\000o\000M\000\051\000\040\000a\000n\000d\000\040\000C\000a\000u\000s\000a\000l\000\040\000I\000n\000t\000e\000r\000p\000r\000e\000t\000a\000b\000i\000l\000i\000t\000y}{}% 26
\BOOKMARK [1][-]{section.9}{\376\377\000I\000n\000t\000e\000g\000r\000a\000t\000i\000o\000n\000\040\000\046\000\040\000A\000p\000p\000l\000i\000c\000a\000t\000i\000o\000n\000s}{}% 27
\BOOKMARK [1][-]{section.10}{\376\377\000S\000h\000e\000a\000f\000-\000T\000h\000e\000o\000r\000e\000t\000i\000c\000\040\000I\000n\000t\000e\000r\000p\000r\000e\000t\000a\000t\000i\000o\000n\000\040\000o\000f\000\040\000t\000h\000e\000\040\000Y\000a\000r\000n\000c\000r\000a\000w\000l\000e\000r}{}% 28
\BOOKMARK [2][-]{subsection.10.1}{\376\377\000S\000e\000m\000a\000n\000t\000i\000c\000\040\000S\000p\000a\000c\000e\000\040\000a\000n\000d\000\040\000C\000o\000v\000e\000r\000s}{section.10}% 29
\BOOKMARK [2][-]{subsection.10.2}{\376\377\000S\000h\000e\000a\000f\000\040\000C\000o\000n\000d\000i\000t\000i\000o\000n\000\040\000a\000n\000d\000\040\000R\000e\000p\000a\000i\000r}{section.10}% 30
\BOOKMARK [2][-]{subsection.10.3}{\376\377\000C\000o\000h\000o\000m\000o\000l\000o\000g\000y\000\040\000a\000s\000\040\000S\000e\000m\000a\000n\000t\000i\000c\000\040\000E\000n\000t\000r\000o\000p\000y}{section.10}% 31
\BOOKMARK [2][-]{subsection.10.4}{\376\377\000R\000S\000V\000P\000\040\000M\000a\000p\000p\000i\000n\000g}{section.10}% 32
\BOOKMARK [2][-]{subsection.10.5}{\376\377\000I\000l\000l\000u\000s\000t\000r\000a\000t\000i\000v\000e\000\040\000E\000x\000a\000m\000p\000l\000e\000:\000\040\000S\000q\000u\000i\000r\000r\000e\000l\000\040\000C\000a\000c\000h\000i\000n\000g}{section.10}% 33
\BOOKMARK [2][-]{subsection.10.6}{\376\377\000P\000r\000o\000p\000o\000s\000i\000t\000i\000o\000n\000:\000\040\000R\000e\000p\000a\000i\000r\000\040\000P\000r\000e\000s\000e\000r\000v\000e\000s\000\040\000B\000l\000a\000n\000k\000e\000t\000\040\000S\000t\000r\000u\000c\000t\000u\000r\000e}{section.10}% 34
\BOOKMARK [2][-]{subsection.10.7}{\376\377\000S\000u\000m\000m\000a\000r\000y}{section.10}% 35
\BOOKMARK [2][-]{subsection.10.8}{\376\377\000T\000o\000y\000\040\000E\000x\000a\000m\000p\000l\000e\000:\000\040\000T\000h\000r\000e\000e\000-\000P\000a\000t\000c\000h\000\040\000C\000o\000v\000e\000r\000\040\000w\000i\000t\000h\000\040\000a\000\040\000S\000e\000m\000a\000n\000t\000i\000c\000\040\000T\000e\000a\000r}{section.10}% 36
\BOOKMARK [2][-]{subsection.10.9}{\376\377\000E\000c\000o\000l\000o\000g\000i\000c\000a\000l\000\040\000a\000n\000d\000\040\000C\000u\000l\000t\000u\000r\000a\000l\000\040\000M\000e\000t\000a\000p\000h\000o\000r\000s\000\040\000f\000o\000r\000\040\000S\000h\000e\000a\000f\000\040\000R\000e\000p\000a\000i\000r}{section.10}% 37
\BOOKMARK [2][-]{subsection.10.10}{\376\377\000P\000r\000o\000p\000o\000s\000i\000t\000i\000o\000n\000:\000\040\000S\000t\000i\000g\000m\000e\000r\000g\000i\000c\000\040\000R\000e\000p\000a\000i\000r\000\040\000a\000n\000d\000\040\000V\000i\000a\000b\000l\000e\000\040\000G\000l\000o\000b\000a\000l\000\040\000S\000e\000c\000t\000i\000o\000n\000s}{section.10}% 38
\BOOKMARK [2][-]{subsection.10.11}{\376\377\000C\000o\000r\000o\000l\000l\000a\000r\000y\000:\000\040\000S\000e\000l\000f\000-\000M\000a\000i\000n\000t\000a\000i\000n\000i\000n\000g\000\040\000G\000r\000o\000w\000t\000h\000\040\000u\000n\000d\000e\000r\000\040\000S\000t\000i\000g\000m\000e\000r\000g\000i\000c\000\040\000F\000e\000e\000d\000b\000a\000c\000k}{section.10}% 39
\BOOKMARK [2][-]{subsection.10.12}{\376\377\000W\000o\000r\000k\000e\000d\000\040\000E\000x\000a\000m\000p\000l\000e\000:\000\040\000A\000\040\000M\000i\000n\000i\000m\000a\000l\000\040\000S\000t\000i\000g\000m\000e\000r\000g\000i\000c\000\040\000G\000r\000o\000w\000t\000h\000\040\000M\000o\000d\000e\000l}{section.10}% 40
\BOOKMARK [1][-]{section.11}{\376\377\000R\000e\000l\000a\000t\000e\000d\000\040\000W\000o\000r\000k}{}% 41
\BOOKMARK [2][-]{subsection.11.1}{\376\377\000A\000c\000t\000i\000v\000e\000\040\000I\000n\000f\000e\000r\000e\000n\000c\000e\000\040\000a\000n\000d\000\040\000M\000a\000r\000k\000o\000v\000\040\000B\000l\000a\000n\000k\000e\000t\000s}{section.11}% 42
\BOOKMARK [2][-]{subsection.11.2}{\376\377\000A\000u\000t\000o\000c\000a\000t\000a\000l\000y\000s\000i\000s\000\040\000a\000n\000d\000\040\000R\000A\000F\000\040\000N\000e\000t\000w\000o\000r\000k\000s}{section.11}% 43
\BOOKMARK [2][-]{subsection.11.3}{\376\377\000R\000e\000a\000s\000o\000n\000i\000n\000g\000\040\000P\000a\000r\000a\000d\000i\000g\000m\000s\000\040\000i\000n\000\040\000A\000I}{section.11}% 44
\BOOKMARK [2][-]{subsection.11.4}{\376\377\000S\000y\000s\000t\000e\000m\000s\000\040\000T\000h\000e\000o\000r\000y\000\040\000a\000n\000d\000\040\000A\000n\000t\000i\000c\000i\000p\000a\000t\000o\000r\000y\000\040\000M\000o\000d\000e\000l\000s}{section.11}% 45
\BOOKMARK [2][-]{subsection.11.5}{\376\377\000C\000a\000t\000e\000g\000o\000r\000y\000\040\000a\000n\000d\000\040\000S\000h\000e\000a\000f\000\040\000T\000h\000e\000o\000r\000y\000\040\000i\000n\000\040\000S\000e\000m\000a\000n\000t\000i\000c\000s}{section.11}% 46
\BOOKMARK [2][-]{subsection.11.6}{\376\377\000S\000u\000m\000m\000a\000r\000y}{section.11}% 47
\BOOKMARK [1][-]{section.12}{\376\377\000D\000i\000s\000c\000u\000s\000s\000i\000o\000n}{}% 48
\BOOKMARK [2][-]{subsection.12.1}{\376\377\000I\000m\000p\000l\000i\000c\000a\000t\000i\000o\000n\000s\000\040\000f\000o\000r\000\040\000A\000d\000a\000p\000t\000i\000v\000e\000\040\000C\000o\000m\000p\000u\000t\000a\000t\000i\000o\000n}{section.12}% 49
\BOOKMARK [2][-]{subsection.12.2}{\376\377\000L\000i\000m\000i\000t\000a\000t\000i\000o\000n\000s\000\040\000a\000n\000d\000\040\000O\000p\000e\000n\000\040\000Q\000u\000e\000s\000t\000i\000o\000n\000s}{section.12}% 50
\BOOKMARK [2][-]{subsection.12.3}{\376\377\000B\000r\000o\000a\000d\000e\000r\000\040\000O\000u\000t\000l\000o\000o\000k}{section.12}% 51
\BOOKMARK [1][-]{section.13}{\376\377\000F\000u\000t\000u\000r\000e\000\040\000D\000i\000r\000e\000c\000t\000i\000o\000n\000s\000:\000\040\000T\000o\000w\000a\000r\000d\000\040\000S\000y\000n\000t\000h\000e\000t\000i\000c\000\040\000a\000n\000d\000\040\000I\000n\000f\000r\000a\000s\000t\000r\000u\000c\000t\000u\000r\000a\000l\000\040\000T\000e\000r\000r\000a\000\040\000P\000r\000e\000t\000a}{}% 52
\BOOKMARK [2][-]{subsection.13.1}{\376\377\000S\000y\000n\000t\000h\000e\000t\000i\000c\000\040\000T\000e\000r\000r\000a\000\040\000P\000r\000e\000t\000a\000\040\000\050\000S\000T\000P\000\051}{section.13}% 53
\BOOKMARK [2][-]{subsection.13.2}{\376\377\000T\000e\000r\000r\000a\000\040\000P\000r\000e\000t\000a\000\040\000S\000a\000n\000i\000t\000a\000t\000i\000o\000n\000\040\000\050\000T\000P\000S\000\051}{section.13}% 54
\BOOKMARK [2][-]{subsection.13.3}{\376\377\000T\000e\000r\000r\000a\000\040\000P\000r\000e\000t\000a\000\040\000R\000a\000i\000n\000\040\000a\000n\000d\000\040\000V\000o\000l\000s\000o\000r\000i\000a\000l\000\040\000P\000e\000d\000i\000m\000e\000n\000t\000\040\000I\000n\000f\000r\000a\000s\000t\000r\000u\000c\000t\000u\000r\000e\000s}{section.13}% 55
\BOOKMARK [2][-]{subsection.13.4}{\376\377\000T\000o\000w\000a\000r\000d\000\040\000a\000\040\000G\000e\000n\000e\000r\000a\000l\000i\000z\000e\000d\000\040\000E\000c\000o\000t\000e\000c\000h\000n\000o\000l\000o\000g\000y}{section.13}% 56
\BOOKMARK [2][-]{subsection.13.5}{\376\377\000P\000r\000o\000t\000o\000c\000o\000l\000\040\000B\000o\000x\000:\000\040\000F\000r\000o\000m\000\040\000L\000a\000b\000\040\000R\000e\000c\000i\000p\000e\000\040\000t\000o\000\040\000L\000a\000n\000d\000s\000c\000a\000p\000e\000\040\000P\000r\000a\000c\000t\000i\000c\000e}{section.13}% 57
\BOOKMARK [1][-]{section.14}{\376\377\000C\000o\000n\000c\000l\000u\000s\000i\000o\000n}{}% 58
\BOOKMARK [1][-]{section.15}{\376\377\000A\000p\000p\000e\000n\000d\000i\000x}{}% 59
\BOOKMARK [2][-]{subsection.15.1}{\376\377\000O\000b\000j\000e\000c\000t\000s\000\040\000a\000n\000d\000\040\000S\000t\000a\000n\000d\000i\000n\000g\000\040\000A\000s\000s\000u\000m\000p\000t\000i\000o\000n\000s}{section.15}% 60
\BOOKMARK [2][-]{subsection.15.2}{\376\377\000D\000e\000f\000i\000n\000i\000t\000i\000o\000n\000s}{section.15}% 61
\BOOKMARK [2][-]{subsection.15.3}{\376\377\000R\000e\000s\000u\000l\000t\000s}{section.15}% 62
