This is pdfTeX, Version 3.141592653-2.6-1.40.28 (TeX Live 2025) (preloaded format=pdflatex 2025.9.22)  2 OCT 2025 15:33
entering extended mode
 restricted \write18 enabled.
 %&-line parsing enabled.
**yarncrawler
(./yarncrawler.tex
LaTeX2e <2025-06-01> patch level 1
L3 programming layer <2025-09-02>
(/usr/local/texlive/2025/texmf-dist/tex/latex/base/article.cls
Document Class: article 2025/01/22 v1.4n Standard LaTeX document class
(/usr/local/texlive/2025/texmf-dist/tex/latex/base/size10.clo
File: size10.clo 2025/01/22 v1.4n Standard LaTeX file (size option)
)
\c@part=\count275
\c@section=\count276
\c@subsection=\count277
\c@subsubsection=\count278
\c@paragraph=\count279
\c@subparagraph=\count280
\c@figure=\count281
\c@table=\count282
\abovecaptionskip=\skip49
\belowcaptionskip=\skip50
\bibindent=\dimen148
)
(/usr/local/texlive/2025/texmf-dist/tex/latex/base/inputenc.sty
Package: inputenc 2024/02/08 v1.3d Input encoding file
\inpenc@prehook=\toks17
\inpenc@posthook=\toks18
)
(/usr/local/texlive/2025/texmf-dist/tex/latex/amsmath/amsmath.sty
Package: amsmath 2025/06/16 v2.17y AMS math features
\@mathmargin=\skip51

For additional information on amsmath, use the `?' option.
(/usr/local/texlive/2025/texmf-dist/tex/latex/amsmath/amstext.sty
Package: amstext 2024/11/17 v2.01 AMS text

(/usr/local/texlive/2025/texmf-dist/tex/latex/amsmath/amsgen.sty
File: amsgen.sty 1999/11/30 v2.0 generic functions
\@emptytoks=\toks19
\ex@=\dimen149
))
(/usr/local/texlive/2025/texmf-dist/tex/latex/amsmath/amsbsy.sty
Package: amsbsy 1999/11/29 v1.2d Bold Symbols
\pmbraise@=\dimen150
)
(/usr/local/texlive/2025/texmf-dist/tex/latex/amsmath/amsopn.sty
Package: amsopn 2022/04/08 v2.04 operator names
)
\inf@bad=\count283
LaTeX Info: Redefining \frac on input line 233.
\uproot@=\count284
\leftroot@=\count285
LaTeX Info: Redefining \overline on input line 398.
LaTeX Info: Redefining \colon on input line 409.
\classnum@=\count286
\DOTSCASE@=\count287
LaTeX Info: Redefining \ldots on input line 495.
LaTeX Info: Redefining \dots on input line 498.
LaTeX Info: Redefining \cdots on input line 619.
\Mathstrutbox@=\box53
\strutbox@=\box54
LaTeX Info: Redefining \big on input line 721.
LaTeX Info: Redefining \Big on input line 722.
LaTeX Info: Redefining \bigg on input line 723.
LaTeX Info: Redefining \Bigg on input line 724.
\big@size=\dimen151
LaTeX Font Info:    Redeclaring font encoding OML on input line 742.
LaTeX Font Info:    Redeclaring font encoding OMS on input line 743.
\macc@depth=\count288
LaTeX Info: Redefining \bmod on input line 904.
LaTeX Info: Redefining \pmod on input line 909.
LaTeX Info: Redefining \smash on input line 939.
LaTeX Info: Redefining \relbar on input line 969.
LaTeX Info: Redefining \Relbar on input line 970.
\c@MaxMatrixCols=\count289
\dotsspace@=\muskip17
\c@parentequation=\count290
\dspbrk@lvl=\count291
\tag@help=\toks20
\row@=\count292
\column@=\count293
\maxfields@=\count294
\andhelp@=\toks21
\eqnshift@=\dimen152
\alignsep@=\dimen153
\tagshift@=\dimen154
\tagwidth@=\dimen155
\totwidth@=\dimen156
\lineht@=\dimen157
\@envbody=\toks22
\multlinegap=\skip52
\multlinetaggap=\skip53
\mathdisplay@stack=\toks23
LaTeX Info: Redefining \[ on input line 2949.
LaTeX Info: Redefining \] on input line 2950.
)
(/usr/local/texlive/2025/texmf-dist/tex/latex/amsfonts/amssymb.sty
Package: amssymb 2013/01/14 v3.01 AMS font symbols

(/usr/local/texlive/2025/texmf-dist/tex/latex/amsfonts/amsfonts.sty
Package: amsfonts 2013/01/14 v3.01 Basic AMSFonts support
\symAMSa=\mathgroup4
\symAMSb=\mathgroup5
LaTeX Font Info:    Redeclaring math symbol \hbar on input line 98.
LaTeX Font Info:    Overwriting math alphabet `\mathfrak' in version `bold'
(Font)                  U/euf/m/n --> U/euf/b/n on input line 106.
))
(/usr/local/texlive/2025/texmf-dist/tex/latex/amscls/amsthm.sty
Package: amsthm 2020/05/29 v2.20.6
\thm@style=\toks24
\thm@bodyfont=\toks25
\thm@headfont=\toks26
\thm@notefont=\toks27
\thm@headpunct=\toks28
\thm@preskip=\skip54
\thm@postskip=\skip55
\thm@headsep=\skip56
\dth@everypar=\toks29
)
(/usr/local/texlive/2025/texmf-dist/tex/latex/geometry/geometry.sty
Package: geometry 2020/01/02 v5.9 Page Geometry

(/usr/local/texlive/2025/texmf-dist/tex/latex/graphics/keyval.sty
Package: keyval 2022/05/29 v1.15 key=value parser (DPC)
\KV@toks@=\toks30
)
(/usr/local/texlive/2025/texmf-dist/tex/generic/iftex/ifvtex.sty
Package: ifvtex 2019/10/25 v1.7 ifvtex legacy package. Use iftex instead.

(/usr/local/texlive/2025/texmf-dist/tex/generic/iftex/iftex.sty
Package: iftex 2024/12/12 v1.0g TeX engine tests
))
\Gm@cnth=\count295
\Gm@cntv=\count296
\c@Gm@tempcnt=\count297
\Gm@bindingoffset=\dimen158
\Gm@wd@mp=\dimen159
\Gm@odd@mp=\dimen160
\Gm@even@mp=\dimen161
\Gm@layoutwidth=\dimen162
\Gm@layoutheight=\dimen163
\Gm@layouthoffset=\dimen164
\Gm@layoutvoffset=\dimen165
\Gm@dimlist=\toks31
)
\c@definition=\count298
\c@proposition=\count299
\c@theorem=\count300
\c@corollary=\count301

(/usr/local/texlive/2025/texmf-dist/tex/latex/l3backend/l3backend-pdftex.def
File: l3backend-pdftex.def 2025-06-09 L3 backend support: PDF output (pdfTeX)
\l__color_backend_stack_int=\count302
)
(./yarncrawler.aux)
\openout1 = `yarncrawler.aux'.

LaTeX Font Info:    Checking defaults for OML/cmm/m/it on input line 18.
LaTeX Font Info:    ... okay on input line 18.
LaTeX Font Info:    Checking defaults for OMS/cmsy/m/n on input line 18.
LaTeX Font Info:    ... okay on input line 18.
LaTeX Font Info:    Checking defaults for OT1/cmr/m/n on input line 18.
LaTeX Font Info:    ... okay on input line 18.
LaTeX Font Info:    Checking defaults for T1/cmr/m/n on input line 18.
LaTeX Font Info:    ... okay on input line 18.
LaTeX Font Info:    Checking defaults for TS1/cmr/m/n on input line 18.
LaTeX Font Info:    ... okay on input line 18.
LaTeX Font Info:    Checking defaults for OMX/cmex/m/n on input line 18.
LaTeX Font Info:    ... okay on input line 18.
LaTeX Font Info:    Checking defaults for U/cmr/m/n on input line 18.
LaTeX Font Info:    ... okay on input line 18.

*geometry* driver: auto-detecting
*geometry* detected driver: pdftex
*geometry* verbose mode - [ preamble ] result:
* driver: pdftex
* paper: <default>
* layout: <same size as paper>
* layoutoffset:(h,v)=(0.0pt,0.0pt)
* modes: 
* h-part:(L,W,R)=(72.26999pt, 469.75502pt, 72.26999pt)
* v-part:(T,H,B)=(72.26999pt, 650.43001pt, 72.26999pt)
* \paperwidth=614.295pt
* \paperheight=794.96999pt
* \textwidth=469.75502pt
* \textheight=650.43001pt
* \oddsidemargin=0.0pt
* \evensidemargin=0.0pt
* \topmargin=-37.0pt
* \headheight=12.0pt
* \headsep=25.0pt
* \topskip=10.0pt
* \footskip=30.0pt
* \marginparwidth=65.0pt
* \marginparsep=11.0pt
* \columnsep=10.0pt
* \skip\footins=9.0pt plus 4.0pt minus 2.0pt
* \hoffset=0.0pt
* \voffset=0.0pt
* \mag=1000
* \@twocolumnfalse
* \@twosidefalse
* \@mparswitchfalse
* \@reversemarginfalse
* (1in=72.27pt=25.4mm, 1cm=28.453pt)

LaTeX Font Info:    Trying to load font information for U+msa on input line 20.

(/usr/local/texlive/2025/texmf-dist/tex/latex/amsfonts/umsa.fd
File: umsa.fd 2013/01/14 v3.01 AMS symbols A
)
LaTeX Font Info:    Trying to load font information for U+msb on input line 20.


(/usr/local/texlive/2025/texmf-dist/tex/latex/amsfonts/umsb.fd
File: umsb.fd 2013/01/14 v3.01 AMS symbols B
)

! LaTeX Error: Unicode character Œ¶ (U+03A6)
               not set up for use with LaTeX.

See the LaTeX manual or LaTeX Companion for explanation.
Type  H <return>  for immediate help.
 ...                                              
                                                  
l.23 ...or Plenum (RSVP) theory‚Äîwhere scalar (Œ¶
                                                  ), vector (ùíó), and entr...

? 

! LaTeX Error: Unicode character ùíó (U+1D497)
               not set up for use with LaTeX.

See the LaTeX manual or LaTeX Companion for explanation.
Type  H <return>  for immediate help.
 ...                                              
                                                  
l.23 ...) theory‚Äîwhere scalar (Œ¶), vector (ùíó
                                                  ), and entropy (S) fields ...

? 

Overfull \hbox (21.12656pt too wide) in paragraph at lines 25--26
\OT1/cmr/m/n/9 augmented glu-ing, min-i-miz-ing seam penal-ties across over-lap
-ping se-man-tic charts. Cul-tural analo-gies|squirrels
 []


! LaTeX Error: Unicode character Œ¶ (U+03A6)
               not set up for use with LaTeX.

See the LaTeX manual or LaTeX Companion for explanation.
Type  H <return>  for immediate help.
 ...                                              
                                                  
l.42 Review Œ¶
              , ùíó, S fields (density, flow, entropy).
? 

! LaTeX Error: Unicode character ùíó (U+1D497)
               not set up for use with LaTeX.

See the LaTeX manual or LaTeX Companion for explanation.
Type  H <return>  for immediate help.
 ...                                              
                                                  
l.42 Review Œ¶, ùíó
                    , S fields (density, flow, entropy).
? 

! LaTeX Error: Unicode character Œ¶ (U+03A6)
               not set up for use with LaTeX.

See the LaTeX manual or LaTeX Companion for explanation.
Type  H <return>  for immediate help.
 ...                                              
                                                  
l.46 ...es a semantic instantiation of RSVP ‚Äî Œ¶
                                                   is semantic density, ùíó...

? 

! LaTeX Error: Unicode character ùíó (U+1D497)
               not set up for use with LaTeX.

See the LaTeX manual or LaTeX Companion for explanation.
Type  H <return>  for immediate help.
 ...                                              
                                                  
l.46 ...n of RSVP ‚Äî Œ¶ is semantic density, ùíó
                                                   is recursive trajectory, ...

? 


[1

{/usr/local/texlive/2025/texmf-var/fonts/map/pdftex/updmap/pdftex.map}]

! LaTeX Error: Unicode character Œ¶ (U+03A6)
               not set up for use with LaTeX.

See the LaTeX manual or LaTeX Companion for explanation.
Type  H <return>  for immediate help.
 ...                                              
                                                  
l.80 ...inward. In RSVP terms, the scalar field Œ¶
                                                   embodies the density of s...

? 

! LaTeX Error: Unicode character ùíó (U+1D497)
               not set up for use with LaTeX.

See the LaTeX manual or LaTeX Companion for explanation.
Type  H <return>  for immediate help.
 ...                                              
                                                  
l.80 ... memory embeddings); the vector field ùíó
                                                   encodes recursive flows (...

? 
! Missing $ inserted.
<inserted text> 
                $
l.95 \psi
         (x) = (G_\sigma * u)(x) = \int G_\sigma(x-y) u(y)\,dy
? 


[2{/usr/local/texlive/2025/texmf-dist/fonts/enc/dvips/cm-super/cm-super-ts1.enc
}]
! Missing $ inserted.
<inserted text> 
                $
l.96 
     
? 

! Package amsmath Error: \dot allowed only in math mode.

See the amsmath package documentation for explanation.
Type  H <return>  for immediate help.
 ...                                              
                                                  
l.100 \dot{x}
             (t) = -\nabla \psi(x) + \eta(t)
? 
! Missing $ inserted.
<inserted text> 
                $
l.100 \dot{x}(t) = -\nabla
                           \psi(x) + \eta(t)
? 
! Missing $ inserted.
<inserted text> 
                $
l.101 
      
? 

! Package amsmath Error: \dot allowed only in math mode.

See the amsmath package documentation for explanation.
Type  H <return>  for immediate help.
 ...                                              
                                                  
l.114 \dot{M}
              = \alpha\,H B - \lambda M + \kappa\,I(t)
? 
! Missing $ inserted.
<inserted text> 
                $
l.114 \dot{M} = \alpha
                      \,H B - \lambda M + \kappa\,I(t)
? 
! Missing $ inserted.
<inserted text> 
                $
l.115 
      
? 

! Package amsmath Error: \dot allowed only in math mode.

See the amsmath package documentation for explanation.
Type  H <return>  for immediate help.
 ...                                              
                                                  
l.116 \dot{H}
              = \beta,f(\text{offal, shells, dung}) - \mu H
? 
! Missing $ inserted.
<inserted text> 
                $
l.116 \dot{H} = \beta
                     ,f(\text{offal, shells, dung}) - \mu H
? 
! Missing $ inserted.
<inserted text> 
                $
l.117 
      
? 

! Package amsmath Error: \dot allowed only in math mode.

See the amsmath package documentation for explanation.
Type  H <return>  for immediate help.
 ...                                              
                                                  
l.118 \dot{B}
              = \gamma\,H(1 - \tfrac{B}{B_{\max}}) - \nu B
? 
! Missing $ inserted.
<inserted text> 
                $
l.118 \dot{B} = \gamma
                      \,H(1 - \tfrac{B}{B_{\max}}) - \nu B
? 
! Missing $ inserted.
<inserted text> 
                $
l.119 
      
? 
! Missing $ inserted.
<inserted text> 
                $
l.125 I(t) = I_
               0 + \rho\,\sigma(M - M_{\text{crit}})
? 
! Missing $ inserted.
<inserted text> 
                $
l.126 
      
? 
! Missing $ inserted.
<inserted text> 
                $
l.130 I(x,t) = \sum
                   _j I_j(t)\, \delta(d(x,\Gamma_j)),
? 
! Missing $ inserted.
<inserted text> 
                $
l.131 
      
? 
! Missing $ inserted.
<inserted text> 
                $
l.145 \Phi
          (x) = \sum_i w_i(x)\,\phi_i(x).
? 
! Missing $ inserted.
<inserted text> 
                $
l.146 
      
? 

! LaTeX Error: \mathbf allowed only in math mode.

See the LaTeX manual or LaTeX Companion for explanation.
Type  H <return>  for immediate help.
 ...                                              
                                                  
l.150 \mathbf{v}
                (x) = -\nabla \Phi(x).
? 
! Missing $ inserted.
<inserted text> 
                $
l.150 \mathbf{v}(x) = -\nabla
                              \Phi(x).
? 
! Missing $ inserted.
<inserted text> 
                $
l.151 
      
? 
! Missing $ inserted.
<inserted text> 
                $
l.155 S(x) = - \sum
                   _i w_i(x)\,\log w_i(x),
? 
! Missing $ inserted.
<inserted text> 
                $
l.156 
      
? 
! Missing $ inserted.
<inserted text> 
                $
l.160 p(d|q) \propto
                     \exp(-\beta\,d_{\text{emb}}(q,d)),
? 
! Missing $ inserted.
<inserted text> 
                $
l.161 
      
? 

! LaTeX Error: Unicode character Œ¶ (U+03A6)
               not set up for use with LaTeX.

See the LaTeX manual or LaTeX Companion for explanation.
Type  H <return>  for immediate help.
 ...                                              
                                                  
l.164 4. RSVP Integration (Œ¶
                             , ùíó, S Fields)
? 

! LaTeX Error: Unicode character ùíó (U+1D497)
               not set up for use with LaTeX.

See the LaTeX manual or LaTeX Companion for explanation.
Type  H <return>  for immediate help.
 ...                                              
                                                  
l.164 4. RSVP Integration (Œ¶, ùíó
                                   , S Fields)
? 

! LaTeX Error: Unicode character Œ¶ (U+03A6)
               not set up for use with LaTeX.

See the LaTeX manual or LaTeX Companion for explanation.
Type  H <return>  for immediate help.
 ...                                              
                                                  
l.168 Scalar density (Œ¶
                        ):
? 

! LaTeX Error: Unicode character ùíó (U+1D497)
               not set up for use with LaTeX.

See the LaTeX manual or LaTeX Companion for explanation.
Type  H <return>  for immediate help.
 ...                                              
                                                  
l.176 Vector flows (ùíó
                        ):
? 


[3]

[4]
Overfull \hbox (2.6151pt too wide) in paragraph at lines 258--262
\OT1/cmr/m/n/10 Topographic ad-vec-tion ($\OML/cmm/m/it/10 u$\OT1/cmr/m/n/10 ) 
and spa-tial vari-a-tion in $\OML/cmm/m/it/10 R\OT1/cmr/m/n/10 (\OML/cmm/m/it/1
0 x\OT1/cmr/m/n/10 )\OML/cmm/m/it/10 ; K\OT1/cmr/m/n/10 (\OML/cmm/m/it/10 x\OT1
/cmr/m/n/10 )$ dis-tort clean Voronoi bands: (i) $\OML/cmm/m/it/10 u$ \OT1/cmr/
m/n/10 bends/widens
 []



[5]

[6]

! LaTeX Error: Unicode character Œ¶ (U+03A6)
               not set up for use with LaTeX.

See the LaTeX manual or LaTeX Companion for explanation.
Type  H <return>  for immediate help.
 ...                                              
                                                  
l.361 ...S) by embedding causal invariants into Œ¶
                                                   and ùíó trajectories.
? 

! LaTeX Error: Unicode character ùíó (U+1D497)
               not set up for use with LaTeX.

See the LaTeX manual or LaTeX Companion for explanation.
Type  H <return>  for immediate help.
 ...                                              
                                                  
l.361 ...edding causal invariants into Œ¶ and ùíó
                                                   trajectories.
? 


[7]

[8]

[9]

[10]
Overfull \hbox (12.9472pt too wide) in paragraph at lines 546--548
\OT1/cmr/m/it/10 Interpretation. \OT1/cmr/m/n/10 The propo-si-tion states that 
stig-mer-gic repair---adding am-bigu-ous but re-in-forc-ing contributions---
 []



[11]

[12]
! Undefined control sequence.
l.694 ...ationalization as active inference \citep
                                                  {friston2010free,friston20...

? 
! Undefined control sequence.
l.700 ...ly autocatalytic sets (RAF theory) \citep
                                                  {hordijk2019raf} provide a...

? 
! Undefined control sequence.
l.705 ...e Chain of Thought (CoT) prompting \citep
                                                  {wei2022cot}.
? 


[13]
! Undefined control sequence.
l.710 ...ure-of-experts (MoE) architectures \citep
                                                  {shazeer2017moe} and retri...

? 
! Undefined control sequence.
l.710 ...trieval-augmented generation (RAG) \citep
                                                  {lewis2020rag} share Yarnc...

? 

Overfull \hbox (32.72977pt too wide) in paragraph at lines 710--712
[]\OT1/cmr/m/n/10 Mixture-of-experts (MoE) ar-chi-tec-tures shazeer2017moe and 
retrieval-augmented gen-er-a-tion (RAG) lewis2020rag
 []

! Undefined control sequence.
l.714 ...Äôs theory of anticipatory systems \citep
                                                  {rosen1985anticipatory} em...

? 
! Undefined control sequence.
l.715 ... Varela‚Äôs concept of autopoiesis \citep
                                                  {varela1980autopoiesis} fr...

? 

Overfull \hbox (14.65338pt too wide) in paragraph at lines 714--717
\OT1/cmr/m/n/10 dic-tive struc-ture of liv-ing sys-tems. Sim-i-larly, Mat-u-ran
a and Varela's con-cept of au-topoiesis varela1980autopoiesis
 []

! Undefined control sequence.
l.719 ...ional meaning and information flow \citep
                                                  {abramsky2009categorical,c...

? 
! Undefined control sequence.
l.720 ...multi-agent information structures \citep
                                                  {abramsky2011sheaf,spivak2...

? 


[14]

! LaTeX Error: Unicode character Œ¶ (U+03A6)
               not set up for use with LaTeX.

See the LaTeX manual or LaTeX Companion for explanation.
Type  H <return>  for immediate help.
 ...                                              
                                                  
l.760 ...le re-enters the scalar density field (Œ¶
                                                  ) as potential for renewed...

? 


[15]

! LaTeX Error: Unicode character ‚â• (U+2265)
               not set up for use with LaTeX.

See the LaTeX manual or LaTeX Companion for explanation.
Type  H <return>  for immediate help.
 ...                                              
                                                  
l.776 ... 10 m¬≤ (e.g., 2 m √ó 5 m) replicated ‚â•
                                                  3√ó for stats.
? 

! LaTeX Error: Unicode character ‚â• (U+2265)
               not set up for use with LaTeX.

See the LaTeX manual or LaTeX Companion for explanation.
Type  H <return>  for immediate help.
 ...                                              
                                                  
l.849 ...es away from waterways; buffer strips ‚â•
                                                  5 m.
? 


[16]

! LaTeX Error: Unicode character ‚â• (U+2265)
               not set up for use with LaTeX.

See the LaTeX manual or LaTeX Companion for explanation.
Type  H <return>  for immediate help.
 ...                                              
                                                  
l.895 Achieve ‚â•
                 3-log (99.9%) pathogen reduction (E. coli, helminth ova).
? 


[17]

[18]

! LaTeX Error: Unicode character Œ¶ (U+03A6)
               not set up for use with LaTeX.

See the LaTeX manual or LaTeX Companion for explanation.
Type  H <return>  for immediate help.
 ...                                              
                                                  
l.1042 Scalar (Œ¶
                 ), vector (ùíó), and entropy (S) fields provide the physic...

? 

! LaTeX Error: Unicode character ùíó (U+1D497)
               not set up for use with LaTeX.

See the LaTeX manual or LaTeX Companion for explanation.
Type  H <return>  for immediate help.
 ...                                              
                                                  
l.1042 Scalar (Œ¶), vector (ùíó
                                ), and entropy (S) fields provide the physic...

? 

! LaTeX Error: Unicode character ‚Üî (U+2194)
               not set up for use with LaTeX.

See the LaTeX manual or LaTeX Companion for explanation.
Type  H <return>  for immediate help.
 ...                                              
                                                  
l.1069 Skepticism ‚Üî
                      failure mode mapping.
? 
! Missing $ inserted.
<inserted text> 
                $
l.1082 \omega
             _m(q)=\frac{\exp(\langle \phi_{\text{emb}}(q),\phi_{\text{emb}}...

? 
! Missing $ inserted.
<inserted text> 
                $
l.1083 
       
? 

! LaTeX Error: \mathcal allowed only in math mode.

See the LaTeX manual or LaTeX Companion for explanation.
Type  H <return>  for immediate help.
 ...                                              
                                                  
l.1087 \mathcal
               {L}_{\mathrm{seam}}(x)=\sum_{i<j} w_i(x)w_j(x)\,\big\|f_i(x)-...

? 
! Missing $ inserted.
<inserted text> 
                $
l.1087 \mathcal{L}_
                   {\mathrm{seam}}(x)=\sum_{i<j} w_i(x)w_j(x)\,\big\|f_i(x)-...

? 
! Missing $ inserted.
<inserted text> 
                $
l.1088 
       
? 
! Missing $ inserted.
<inserted text> 
                $
l.1092 \Phi
           (x)=\sum_i w_i(x)\phi_i(x),\qquad \mathbf{v}(x)=-\nabla \Phi(x),\...

? 
! Missing $ inserted.
<inserted text> 
                $
l.1093 
       
? 

! LaTeX Error: \mathcal allowed only in math mode.

See the LaTeX manual or LaTeX Companion for explanation.
Type  H <return>  for immediate help.
 ...                                              
                                                  
l.1097 \mathcal
               {F}_{t:t+\Delta}=\mathbb{E}_{q_\phi}\!\big[\log q_\phi(X,B)-\...

? 
! Missing $ inserted.
<inserted text> 
                $
l.1097 \mathcal{F}_
                   {t:t+\Delta}=\mathbb{E}_{q_\phi}\!\big[\log q_\phi(X,B)-\...

? 
! Missing $ inserted.
<inserted text> 
                $
l.1098 
       
? 
! Missing $ inserted.
<inserted text> 
                $
l.1102 (w,\phi
              ,f)\ \mapsto\ \mathcal{R}_{\eta}\big((w,\phi,f),\xi\big)
? 
! Missing $ inserted.
<inserted text> 
                $
l.1104 
       
? 

! LaTeX Error: \mathsf allowed only in math mode.

See the LaTeX manual or LaTeX Companion for explanation.
Type  H <return>  for immediate help.
 ...                                              
                                                  
l.1110 \mathsf
              {Y}=\big(\mathcal{M}, \{(U_i,\phi_i,f_i)\}_{i\in I}, \{w_i\}_{...

? 

! LaTeX Error: \mathcal allowed only in math mode.

See the LaTeX manual or LaTeX Companion for explanation.
Type  H <return>  for immediate help.
 ...                                              
                                                  
l.1110 \mathsf{Y}=\big(\mathcal
                               {M}, \{(U_i,\phi_i,f_i)\}_{i\in I}, \{w_i\}_{...

? 
LaTeX Font Info:    Trying to load font information for OMS+cmr on input line 1
110.
(/usr/local/texlive/2025/texmf-dist/tex/latex/base/omscmr.fd
File: omscmr.fd 2024/11/19 v2.5n Standard LaTeX font definitions
)
LaTeX Font Info:    Font shape `OMS/cmr/m/n' in size <10> not available
(Font)              Font shape `OMS/cmsy/m/n' tried instead on input line 1110.


! Missing $ inserted.
<inserted text> 
                $
l.1110 \mathsf{Y}=\big(\mathcal{M}, \{(U_
                                         i,\phi_i,f_i)\}_{i\in I}, \{w_i\}_{...

? 
! Missing $ inserted.
<inserted text> 
                $
l.1111 
       
? 

! Package amsmath Error: \dot allowed only in math mode.

See the amsmath package documentation for explanation.
Type  H <return>  for immediate help.
 ...                                              
                                                  
l.1112 \dot x
             _t \in \mathrm{co}\{\, f_i(x_t): w_i(x_t)>0\,\}\ -\ \nabla \Phi...

? 
! Missing $ inserted.
<inserted text> 
                $
l.1112 \dot x_
              t \in \mathrm{co}\{\, f_i(x_t): w_i(x_t)>0\,\}\ -\ \nabla \Phi...

? 
! Missing $ inserted.
<inserted text> 
                $
l.1113 
       
? 
! Missing $ inserted.
<inserted text> 
                $
l.1117 \int
           _0^\infty \big(\underbrace{\beta\,\mathcal{L}_{\mathrm{seam}}(x_t...

? 
! Missing $ inserted.
<inserted text> 
                $
l.1118 
       
? 
! Missing $ inserted.
<inserted text> 
                $
l.1122 \partial
               _\tau \Phi_J := \sum_{j\in J}\partial_\tau \!\!\int_{U_j} \ph...

? 
! Missing $ inserted.
<inserted text> 
                $
l.1123 
       
? 


[19]
! Missing $ inserted.
<inserted text> 
                $
l.1129 \Phi
           (x)=\sum_i w_i(x)\phi_i(x),\quad \mathbf{v}(x)=-\nabla \Phi(x)
? 
! Missing $ inserted.
<inserted text> 
                $
l.1130 
       
? 

! LaTeX Error: \mathbb allowed only in math mode.

See the LaTeX manual or LaTeX Companion for explanation.
Type  H <return>  for immediate help.
 ...                                              
                                                  
l.1136 \mathbb
              {E}\big[\int \mathcal{L}_{\mathrm{seam}}^{(k)} d\mu\big]\ \le\...

? 
! Missing $ inserted.
<inserted text> 
                $
l.1136 \mathbb{E}\big[\int
                           \mathcal{L}_{\mathrm{seam}}^{(k)} d\mu\big]\ \le\...

? 
! Missing $ inserted.
<inserted text> 
                $
l.1137 
       
? 
! Missing $ inserted.
<inserted text> 
                $
l.1143 \int
           _0^\infty \sigma(x_t)\,dt < \infty,\qquad \int_0^\infty \mathcal{...

? 
! Missing $ inserted.
<inserted text> 
                $
l.1144 
       
? 
! Missing $ inserted.
<inserted text> 
                $
l.1150 \sum
           _{j\in J}\!\int_{U_j} \phi_j(t)\, d\mu \ \ge\ C\, e^{(\epsilon - ...

? 
! Missing $ inserted.
<inserted text> 
                $
l.1151 
       
? 
(./yarncrawler.bbl

LaTeX Warning: Empty `thebibliography' environment on input line 3.

)

[20] (./yarncrawler.aux)
 ***********
LaTeX2e <2025-06-01> patch level 1
L3 programming layer <2025-09-02>
 ***********
 ) 
Here is how much of TeX's memory you used:
 2531 strings out of 467797
 36785 string characters out of 5431809
 451339 words of memory out of 5000000
 31172 multiletter control sequences out of 15000+600000
 638198 words of font info for 82 fonts, out of 8000000 for 9000
 1141 hyphenation exceptions out of 8191
 57i,13n,65p,1014b,280s stack positions out of 10000i,1000n,20000p,200000b,200000s
</usr/local/texlive/2025/texmf-dist/fonts/type1/public/amsfonts/cm/cmbx10.pfb
></usr/local/texlive/2025/texmf-dist/fonts/type1/public/amsfonts/cm/cmbx12.pfb>
</usr/local/texlive/2025/texmf-dist/fonts/type1/public/amsfonts/cm/cmbx9.pfb></
usr/local/texlive/2025/texmf-dist/fonts/type1/public/amsfonts/cm/cmex10.pfb></u
sr/local/texlive/2025/texmf-dist/fonts/type1/public/amsfonts/cmextra/cmex7.pfb>
</usr/local/texlive/2025/texmf-dist/fonts/type1/public/amsfonts/cm/cmmi10.pfb><
/usr/local/texlive/2025/texmf-dist/fonts/type1/public/amsfonts/cm/cmmi5.pfb></u
sr/local/texlive/2025/texmf-dist/fonts/type1/public/amsfonts/cm/cmmi7.pfb></usr
/local/texlive/2025/texmf-dist/fonts/type1/public/amsfonts/cm/cmr10.pfb></usr/l
ocal/texlive/2025/texmf-dist/fonts/type1/public/amsfonts/cm/cmr12.pfb></usr/loc
al/texlive/2025/texmf-dist/fonts/type1/public/amsfonts/cm/cmr17.pfb></usr/local
/texlive/2025/texmf-dist/fonts/type1/public/amsfonts/cm/cmr5.pfb></usr/local/te
xlive/2025/texmf-dist/fonts/type1/public/amsfonts/cm/cmr6.pfb></usr/local/texli
ve/2025/texmf-dist/fonts/type1/public/amsfonts/cm/cmr7.pfb></usr/local/texlive/
2025/texmf-dist/fonts/type1/public/amsfonts/cm/cmr8.pfb></usr/local/texlive/202
5/texmf-dist/fonts/type1/public/amsfonts/cm/cmr9.pfb></usr/local/texlive/2025/t
exmf-dist/fonts/type1/public/amsfonts/cm/cmss10.pfb></usr/local/texlive/2025/te
xmf-dist/fonts/type1/public/amsfonts/cm/cmsy10.pfb></usr/local/texlive/2025/tex
mf-dist/fonts/type1/public/amsfonts/cm/cmsy5.pfb></usr/local/texlive/2025/texmf
-dist/fonts/type1/public/amsfonts/cm/cmsy7.pfb></usr/local/texlive/2025/texmf-d
ist/fonts/type1/public/amsfonts/cm/cmti10.pfb></usr/local/texlive/2025/texmf-di
st/fonts/type1/public/amsfonts/cm/cmti7.pfb></usr/local/texlive/2025/texmf-dist
/fonts/type1/public/amsfonts/symbols/msbm10.pfb></usr/local/texlive/2025/texmf-
dist/fonts/type1/public/cm-super/sfrm1000.pfb>
Output written on yarncrawler.pdf (20 pages, 380334 bytes).
PDF statistics:
 191 PDF objects out of 1000 (max. 8388607)
 119 compressed objects within 2 object streams
 0 named destinations out of 1000 (max. 500000)
 1 words of extra memory for PDF output out of 10000 (max. 10000000)

