Script started at Thu Oct  2 21:13:55 ADT 2025
Summaries will be saved to source-control.txt
Processing Research diversification benefits.txt
Temporary directory created: /mnt/c/Users/nateg/OneDrive/Documentos/GitHub/yarncrawler/manuscript/background/tmp_Researchdiversificationbenefits.txt_PF2yuy
File split into chunks: /mnt/c/Users/nateg/OneDrive/Documentos/GitHub/yarncrawler/manuscript/background/tmp_Researchdiversificationbenefits.txt_PF2yuy/chunk_aa
/mnt/c/Users/nateg/OneDrive/Documentos/GitHub/yarncrawler/manuscript/background/tmp_Researchdiversificationbenefits.txt_PF2yuy/chunk_ab
/mnt/c/Users/nateg/OneDrive/Documentos/GitHub/yarncrawler/manuscript/background/tmp_Researchdiversificationbenefits.txt_PF2yuy/chunk_ac
/mnt/c/Users/nateg/OneDrive/Documentos/GitHub/yarncrawler/manuscript/background/tmp_Researchdiversificationbenefits.txt_PF2yuy/chunk_ad
/mnt/c/Users/nateg/OneDrive/Documentos/GitHub/yarncrawler/manuscript/background/tmp_Researchdiversificationbenefits.txt_PF2yuy/chunk_ae
/mnt/c/Users/nateg/OneDrive/Documentos/GitHub/yarncrawler/manuscript/background/tmp_Researchdiversificationbenefits.txt_PF2yuy/chunk_af
/mnt/c/Users/nateg/OneDrive/Documentos/GitHub/yarncrawler/manuscript/background/tmp_Researchdiversificationbenefits.txt_PF2yuy/chunk_ag
/mnt/c/Users/nateg/OneDrive/Documentos/GitHub/yarncrawler/manuscript/background/tmp_Researchdiversificationbenefits.txt_PF2yuy/chunk_ah
/mnt/c/Users/nateg/OneDrive/Documentos/GitHub/yarncrawler/manuscript/background/tmp_Researchdiversificationbenefits.txt_PF2yuy/chunk_ai
/mnt/c/Users/nateg/OneDrive/Documentos/GitHub/yarncrawler/manuscript/background/tmp_Researchdiversificationbenefits.txt_PF2yuy/chunk_aj
/mnt/c/Users/nateg/OneDrive/Documentos/GitHub/yarncrawler/manuscript/background/tmp_Researchdiversificationbenefits.txt_PF2yuy/chunk_ak
/mnt/c/Users/nateg/OneDrive/Documentos/GitHub/yarncrawler/manuscript/background/tmp_Researchdiversificationbenefits.txt_PF2yuy/chunk_al
/mnt/c/Users/nateg/OneDrive/Documentos/GitHub/yarncrawler/manuscript/background/tmp_Researchdiversificationbenefits.txt_PF2yuy/chunk_am
/mnt/c/Users/nateg/OneDrive/Documentos/GitHub/yarncrawler/manuscript/background/tmp_Researchdiversificationbenefits.txt_PF2yuy/chunk_an
/mnt/c/Users/nateg/OneDrive/Documentos/GitHub/yarncrawler/manuscript/background/tmp_Researchdiversificationbenefits.txt_PF2yuy/chunk_ao
/mnt/c/Users/nateg/OneDrive/Documentos/GitHub/yarncrawler/manuscript/background/tmp_Researchdiversificationbenefits.txt_PF2yuy/chunk_ap
/mnt/c/Users/nateg/OneDrive/Documentos/GitHub/yarncrawler/manuscript/background/tmp_Researchdiversificationbenefits.txt_PF2yuy/chunk_aq
/mnt/c/Users/nateg/OneDrive/Documentos/GitHub/yarncrawler/manuscript/background/tmp_Researchdiversificationbenefits.txt_PF2yuy/chunk_ar
/mnt/c/Users/nateg/OneDrive/Documentos/GitHub/yarncrawler/manuscript/background/tmp_Researchdiversificationbenefits.txt_PF2yuy/chunk_as
/mnt/c/Users/nateg/OneDrive/Documentos/GitHub/yarncrawler/manuscript/background/tmp_Researchdiversificationbenefits.txt_PF2yuy/chunk_at
/mnt/c/Users/nateg/OneDrive/Documentos/GitHub/yarncrawler/manuscript/background/tmp_Researchdiversificationbenefits.txt_PF2yuy/chunk_au
/mnt/c/Users/nateg/OneDrive/Documentos/GitHub/yarncrawler/manuscript/background/tmp_Researchdiversificationbenefits.txt_PF2yuy/chunk_av
/mnt/c/Users/nateg/OneDrive/Documentos/GitHub/yarncrawler/manuscript/background/tmp_Researchdiversificationbenefits.txt_PF2yuy/chunk_aw
/mnt/c/Users/nateg/OneDrive/Documentos/GitHub/yarncrawler/manuscript/background/tmp_Researchdiversificationbenefits.txt_PF2yuy/chunk_ax
/mnt/c/Users/nateg/OneDrive/Documentos/GitHub/yarncrawler/manuscript/background/tmp_Researchdiversificationbenefits.txt_PF2yuy/chunk_ay
/mnt/c/Users/nateg/OneDrive/Documentos/GitHub/yarncrawler/manuscript/background/tmp_Researchdiversificationbenefits.txt_PF2yuy/chunk_az
/mnt/c/Users/nateg/OneDrive/Documentos/GitHub/yarncrawler/manuscript/background/tmp_Researchdiversificationbenefits.txt_PF2yuy/chunk_ba
/mnt/c/Users/nateg/OneDrive/Documentos/GitHub/yarncrawler/manuscript/background/tmp_Researchdiversificationbenefits.txt_PF2yuy/chunk_bb
/mnt/c/Users/nateg/OneDrive/Documentos/GitHub/yarncrawler/manuscript/background/tmp_Researchdiversificationbenefits.txt_PF2yuy/chunk_bc
/mnt/c/Users/nateg/OneDrive/Documentos/GitHub/yarncrawler/manuscript/background/tmp_Researchdiversificationbenefits.txt_PF2yuy/chunk_bd
/mnt/c/Users/nateg/OneDrive/Documentos/GitHub/yarncrawler/manuscript/background/tmp_Researchdiversificationbenefits.txt_PF2yuy/chunk_be
/mnt/c/Users/nateg/OneDrive/Documentos/GitHub/yarncrawler/manuscript/background/tmp_Researchdiversificationbenefits.txt_PF2yuy/chunk_bf
/mnt/c/Users/nateg/OneDrive/Documentos/GitHub/yarncrawler/manuscript/background/tmp_Researchdiversificationbenefits.txt_PF2yuy/chunk_bg
Temporary directory /mnt/c/Users/nateg/OneDrive/Documentos/GitHub/yarncrawler/manuscript/background/tmp_Researchdiversificationbenefits.txt_PF2yuy removed
Research diversification benefits.txt
Processing Semantic Weaving and Self-Repair.txt
Temporary directory created: /mnt/c/Users/nateg/OneDrive/Documentos/GitHub/yarncrawler/manuscript/background/tmp_SemanticWeavingandSelf-Repair.txt_PDEdiy
File split into chunks: /mnt/c/Users/nateg/OneDrive/Documentos/GitHub/yarncrawler/manuscript/background/tmp_SemanticWeavingandSelf-Repair.txt_PDEdiy/chunk_aa
/mnt/c/Users/nateg/OneDrive/Documentos/GitHub/yarncrawler/manuscript/background/tmp_SemanticWeavingandSelf-Repair.txt_PDEdiy/chunk_ab
/mnt/c/Users/nateg/OneDrive/Documentos/GitHub/yarncrawler/manuscript/background/tmp_SemanticWeavingandSelf-Repair.txt_PDEdiy/chunk_ac
/mnt/c/Users/nateg/OneDrive/Documentos/GitHub/yarncrawler/manuscript/background/tmp_SemanticWeavingandSelf-Repair.txt_PDEdiy/chunk_ad
/mnt/c/Users/nateg/OneDrive/Documentos/GitHub/yarncrawler/manuscript/background/tmp_SemanticWeavingandSelf-Repair.txt_PDEdiy/chunk_ae
/mnt/c/Users/nateg/OneDrive/Documentos/GitHub/yarncrawler/manuscript/background/tmp_SemanticWeavingandSelf-Repair.txt_PDEdiy/chunk_af
/mnt/c/Users/nateg/OneDrive/Documentos/GitHub/yarncrawler/manuscript/background/tmp_SemanticWeavingandSelf-Repair.txt_PDEdiy/chunk_ag
/mnt/c/Users/nateg/OneDrive/Documentos/GitHub/yarncrawler/manuscript/background/tmp_SemanticWeavingandSelf-Repair.txt_PDEdiy/chunk_ah
/mnt/c/Users/nateg/OneDrive/Documentos/GitHub/yarncrawler/manuscript/background/tmp_SemanticWeavingandSelf-Repair.txt_PDEdiy/chunk_ai
/mnt/c/Users/nateg/OneDrive/Documentos/GitHub/yarncrawler/manuscript/background/tmp_SemanticWeavingandSelf-Repair.txt_PDEdiy/chunk_aj
Temporary directory /mnt/c/Users/nateg/OneDrive/Documentos/GitHub/yarncrawler/manuscript/background/tmp_SemanticWeavingandSelf-Repair.txt_PDEdiy removed
Semantic Weaving and Self-Repair.txt
Processing Yarncrawler semantic parser.txt
Temporary directory created: /mnt/c/Users/nateg/OneDrive/Documentos/GitHub/yarncrawler/manuscript/background/tmp_Yarncrawlersemanticparser.txt_FsioOk
File split into chunks: /mnt/c/Users/nateg/OneDrive/Documentos/GitHub/yarncrawler/manuscript/background/tmp_Yarncrawlersemanticparser.txt_FsioOk/chunk_aa
/mnt/c/Users/nateg/OneDrive/Documentos/GitHub/yarncrawler/manuscript/background/tmp_Yarncrawlersemanticparser.txt_FsioOk/chunk_ab
/mnt/c/Users/nateg/OneDrive/Documentos/GitHub/yarncrawler/manuscript/background/tmp_Yarncrawlersemanticparser.txt_FsioOk/chunk_ac
/mnt/c/Users/nateg/OneDrive/Documentos/GitHub/yarncrawler/manuscript/background/tmp_Yarncrawlersemanticparser.txt_FsioOk/chunk_ad
/mnt/c/Users/nateg/OneDrive/Documentos/GitHub/yarncrawler/manuscript/background/tmp_Yarncrawlersemanticparser.txt_FsioOk/chunk_ae
Temporary directory /mnt/c/Users/nateg/OneDrive/Documentos/GitHub/yarncrawler/manuscript/background/tmp_Yarncrawlersemanticparser.txt_FsioOk removed
Yarncrawler semantic parser.txt
Script completed at Thu Oct  2 21:44:15 ADT 2025
